Start testing: Apr 12 14:12 CEST
----------------------------------------------------------
1/4 Testing: AOBasis_test
1/4 Test: AOBasis_test
Command: "/Users/wulfix/Desktop/Cursussen_Gent/ThesisDir/Libraries/Forks/libwint/bb/tests/AOBasis_test"
Directory: /Users/wulfix/Desktop/Cursussen_Gent/ThesisDir/Libraries/Forks/libwint/bb
"AOBasis_test" start time: Apr 12 14:12 CEST
Output:
----------------------------------------------------------
Running 3 test cases...
Will read basis set from /usr/local/libint/2.3.1/share/libint/2.3.1/basis/sto-3g.g94
Will read basis set from /usr/local/libint/2.3.1/share/libint/2.3.1/basis/sto-3g.g94
Will read basis set from /usr/local/libint/2.3.1/share/libint/2.3.1/basis/sto-3g.g94
Will read basis set from /usr/local/libint/2.3.1/share/libint/2.3.1/basis/sto-3g.g94
Will read basis set from /usr/local/libint/2.3.1/share/libint/2.3.1/basis/sto-3g.g94
Will read basis set from /usr/local/libint/2.3.1/share/libint/2.3.1/basis/sto-3g.g94
Will read basis set from /usr/local/libint/2.3.1/share/libint/2.3.1/basis/sto-3g.g94
Will read basis set from /usr/local/libint/2.3.1/share/libint/2.3.1/basis/sto-3g.g94
Will read basis set from /usr/local/libint/2.3.1/share/libint/2.3.1/basis/sto-3g.g94
Will read basis set from /usr/local/libint/2.3.1/share/libint/2.3.1/basis/sto-3g.g94
Will read basis set from /usr/local/libint/2.3.1/share/libint/2.3.1/basis/sto-3g.g94
Will read basis set from /usr/local/libint/2.3.1/share/libint/2.3.1/basis/sto-3g.g94

*** No errors detected
<end of output>
Test time =   0.08 sec
----------------------------------------------------------
Test Passed.
"AOBasis_test" end time: Apr 12 14:12 CEST
"AOBasis_test" time elapsed: 00:00:00
----------------------------------------------------------

2/4 Testing: Molecule_test
2/4 Test: Molecule_test
Command: "/Users/wulfix/Desktop/Cursussen_Gent/ThesisDir/Libraries/Forks/libwint/bb/tests/Molecule_test"
Directory: /Users/wulfix/Desktop/Cursussen_Gent/ThesisDir/Libraries/Forks/libwint/bb
"Molecule_test" start time: Apr 12 14:12 CEST
Output:
----------------------------------------------------------
Running 5 test cases...

*** No errors detected
<end of output>
Test time =   0.01 sec
----------------------------------------------------------
Test Passed.
"Molecule_test" end time: Apr 12 14:12 CEST
"Molecule_test" time elapsed: 00:00:00
----------------------------------------------------------

3/4 Testing: SOBasis_test
3/4 Test: SOBasis_test
Command: "/Users/wulfix/Desktop/Cursussen_Gent/ThesisDir/Libraries/Forks/libwint/bb/tests/SOBasis_test"
Directory: /Users/wulfix/Desktop/Cursussen_Gent/ThesisDir/Libraries/Forks/libwint/bb
"SOBasis_test" start time: Apr 12 14:12 CEST
Output:
----------------------------------------------------------
Running 4 test cases...
Will read basis set from /usr/local/libint/2.3.1/share/libint/2.3.1/basis/sto-3g.g94
Will read basis set from /usr/local/libint/2.3.1/share/libint/2.3.1/basis/sto-3g.g94
Will read basis set from /usr/local/libint/2.3.1/share/libint/2.3.1/basis/sto-3g.g94
Will read basis set from /usr/local/libint/2.3.1/share/libint/2.3.1/basis/sto-3g.g94

*** No errors detected
<end of output>
Test time =   0.06 sec
----------------------------------------------------------
Test Passed.
"SOBasis_test" end time: Apr 12 14:12 CEST
"SOBasis_test" time elapsed: 00:00:00
----------------------------------------------------------

4/4 Testing: transformations_test
4/4 Test: transformations_test
Command: "/Users/wulfix/Desktop/Cursussen_Gent/ThesisDir/Libraries/Forks/libwint/bb/tests/transformations_test"
Directory: /Users/wulfix/Desktop/Cursussen_Gent/ThesisDir/Libraries/Forks/libwint/bb
"transformations_test" start time: Apr 12 14:12 CEST
Output:
----------------------------------------------------------
Running 9 test cases...
6.12323e-17           1
         -1 6.12323e-17

*** No errors detected
<end of output>
Test time =   0.02 sec
----------------------------------------------------------
Test Passed.
"transformations_test" end time: Apr 12 14:12 CEST
"transformations_test" time elapsed: 00:00:00
----------------------------------------------------------

End testing: Apr 12 14:12 CEST
